[debug] [2021-12-11T07:23:32.111Z] ----------------------------------------------------------------------
[debug] [2021-12-11T07:23:32.114Z] Command:       /Users/Silviu/.nvm/versions/node/v14.18.1/bin/node /Users/Silviu/.nvm/versions/node/v14.18.1/bin/firebase init
[debug] [2021-12-11T07:23:32.114Z] CLI Version:   9.23.1
[debug] [2021-12-11T07:23:32.115Z] Platform:      darwin
[debug] [2021-12-11T07:23:32.115Z] Node Version:  v14.18.1
[debug] [2021-12-11T07:23:32.116Z] Time:          Sat Dec 11 2021 08:23:32 GMT+0100 (Central European Standard Time)
[debug] [2021-12-11T07:23:32.116Z] ----------------------------------------------------------------------
[debug] 
[debug] [2021-12-11T07:23:32.173Z] > command requires scopes: ["email","openid","https://www.googleapis.com/auth/cloudplatformprojects.readonly","https://www.googleapis.com/auth/firebase","https://www.googleapis.com/auth/cloud-platform"]
[debug] [2021-12-11T07:23:32.174Z] > authorizing via signed-in user (silviucristianolariu@yahoo.com)
[info] 
     ######## #### ########  ######## ########     ###     ######  ########
     ##        ##  ##     ## ##       ##     ##  ##   ##  ##       ##
     ######    ##  ########  ######   ########  #########  ######  ######
     ##        ##  ##    ##  ##       ##     ## ##     ##       ## ##
     ##       #### ##     ## ######## ########  ##     ##  ######  ########

You're about to initialize a Firebase project in this directory:

  /Users/Silviu

Before we get started, keep in mind:

  * You are initializing within an existing Firebase project directory

[info] 
=== Project Setup
[info] 
[info] First, let's associate this project directory with a Firebase project.
[info] You can create multiple project aliases by running firebase use --add, 
[info] but for now we'll just set up a default project.
[info] 
[debug] [2021-12-11T07:24:05.217Z] Using project from CLI flag: business-centre-services-4104d
[debug] [2021-12-11T07:24:05.222Z] >>> [apiv2][query] GET https://firebase.googleapis.com/v1beta1/projects/business-centre-services-4104d [none]
[debug] [2021-12-11T07:24:06.331Z] <<< [apiv2][status] GET https://firebase.googleapis.com/v1beta1/projects/business-centre-services-4104d 403
[debug] [2021-12-11T07:24:06.331Z] <<< [apiv2][body] GET https://firebase.googleapis.com/v1beta1/projects/business-centre-services-4104d {"error":{"code":403,"message":"The caller does not have permission","status":"PERMISSION_DENIED"}}
[debug] [2021-12-11T07:24:06.332Z] HTTP Error: 403, The caller does not have permission
[debug] [2021-12-11T07:24:07.561Z] FirebaseError: HTTP Error: 403, The caller does not have permission
    at module.exports (/Users/Silviu/.nvm/versions/node/v14.18.1/lib/node_modules/firebase-tools/lib/responseToError.js:38:12)
    at Client.doRequest (/Users/Silviu/.nvm/versions/node/v14.18.1/lib/node_modules/firebase-tools/lib/apiv2.js:241:23)
    at processTicksAndRejections (internal/process/task_queues.js:95:5)
    at async Client.request (/Users/Silviu/.nvm/versions/node/v14.18.1/lib/node_modules/firebase-tools/lib/apiv2.js:96:20)
    at async Object.getFirebaseProject (/Users/Silviu/.nvm/versions/node/v14.18.1/lib/node_modules/firebase-tools/lib/management/projects.js:290:21)
    at async Object.doSetup [as project] (/Users/Silviu/.nvm/versions/node/v14.18.1/lib/node_modules/firebase-tools/lib/init/features/project.js:85:27)
    at async init (/Users/Silviu/.nvm/versions/node/v14.18.1/lib/node_modules/firebase-tools/lib/init/index.js:19:9)
[error] 
[error] Error: Failed to get Firebase project business-centre-services-4104d. Please make sure the project exists and your account has permission to access it.
[debug] [2021-12-11T07:25:44.283Z] ----------------------------------------------------------------------
[debug] [2021-12-11T07:25:44.285Z] Command:       /Users/Silviu/.nvm/versions/node/v14.18.1/bin/node /Users/Silviu/.nvm/versions/node/v14.18.1/bin/firebase init
[debug] [2021-12-11T07:25:44.285Z] CLI Version:   9.23.1
[debug] [2021-12-11T07:25:44.286Z] Platform:      darwin
[debug] [2021-12-11T07:25:44.286Z] Node Version:  v14.18.1
[debug] [2021-12-11T07:25:44.287Z] Time:          Sat Dec 11 2021 08:25:44 GMT+0100 (Central European Standard Time)
[debug] [2021-12-11T07:25:44.288Z] ----------------------------------------------------------------------
[debug] 
[debug] [2021-12-11T07:25:44.350Z] > command requires scopes: ["email","openid","https://www.googleapis.com/auth/cloudplatformprojects.readonly","https://www.googleapis.com/auth/firebase","https://www.googleapis.com/auth/cloud-platform"]
[debug] [2021-12-11T07:25:44.350Z] > authorizing via signed-in user (silviucristianolariu@yahoo.com)
[info] 
     ######## #### ########  ######## ########     ###     ######  ########
     ##        ##  ##     ## ##       ##     ##  ##   ##  ##       ##
     ######    ##  ########  ######   ########  #########  ######  ######
     ##        ##  ##    ##  ##       ##     ## ##     ##       ## ##
     ##       #### ##     ## ######## ########  ##     ##  ######  ########

You're about to initialize a Firebase project in this directory:

  /Users/Silviu

Before we get started, keep in mind:

  * You are initializing within an existing Firebase project directory

[info] 
=== Project Setup
[info] 
[info] First, let's associate this project directory with a Firebase project.
[info] You can create multiple project aliases by running firebase use --add, 
[info] but for now we'll just set up a default project.
[info] 
[debug] [2021-12-11T07:26:08.839Z] Using project from CLI flag: business-centre-services-4104d
[debug] [2021-12-11T07:26:08.842Z] >>> [apiv2][query] GET https://firebase.googleapis.com/v1beta1/projects/business-centre-services-4104d [none]
[debug] [2021-12-11T07:26:09.202Z] <<< [apiv2][status] GET https://firebase.googleapis.com/v1beta1/projects/business-centre-services-4104d 403
[debug] [2021-12-11T07:26:09.203Z] <<< [apiv2][body] GET https://firebase.googleapis.com/v1beta1/projects/business-centre-services-4104d {"error":{"code":403,"message":"The caller does not have permission","status":"PERMISSION_DENIED"}}
[debug] [2021-12-11T07:26:09.203Z] HTTP Error: 403, The caller does not have permission
[debug] [2021-12-11T07:26:09.936Z] FirebaseError: HTTP Error: 403, The caller does not have permission
    at module.exports (/Users/Silviu/.nvm/versions/node/v14.18.1/lib/node_modules/firebase-tools/lib/responseToError.js:38:12)
    at Client.doRequest (/Users/Silviu/.nvm/versions/node/v14.18.1/lib/node_modules/firebase-tools/lib/apiv2.js:241:23)
    at processTicksAndRejections (internal/process/task_queues.js:95:5)
    at async Client.request (/Users/Silviu/.nvm/versions/node/v14.18.1/lib/node_modules/firebase-tools/lib/apiv2.js:96:20)
    at async Object.getFirebaseProject (/Users/Silviu/.nvm/versions/node/v14.18.1/lib/node_modules/firebase-tools/lib/management/projects.js:290:21)
    at async Object.doSetup [as project] (/Users/Silviu/.nvm/versions/node/v14.18.1/lib/node_modules/firebase-tools/lib/init/features/project.js:85:27)
    at async init (/Users/Silviu/.nvm/versions/node/v14.18.1/lib/node_modules/firebase-tools/lib/init/index.js:19:9)
[error] 
[error] Error: Failed to get Firebase project business-centre-services-4104d. Please make sure the project exists and your account has permission to access it.
[debug] [2021-12-11T07:27:34.179Z] ----------------------------------------------------------------------
[debug] [2021-12-11T07:27:34.181Z] Command:       /Users/Silviu/.nvm/versions/node/v14.18.1/bin/node /Users/Silviu/.nvm/versions/node/v14.18.1/bin/firebase init
[debug] [2021-12-11T07:27:34.181Z] CLI Version:   9.23.1
[debug] [2021-12-11T07:27:34.181Z] Platform:      darwin
[debug] [2021-12-11T07:27:34.182Z] Node Version:  v14.18.1
[debug] [2021-12-11T07:27:34.183Z] Time:          Sat Dec 11 2021 08:27:34 GMT+0100 (Central European Standard Time)
[debug] [2021-12-11T07:27:34.184Z] ----------------------------------------------------------------------
[debug] 
[debug] [2021-12-11T07:27:34.234Z] > command requires scopes: ["email","openid","https://www.googleapis.com/auth/cloudplatformprojects.readonly","https://www.googleapis.com/auth/firebase","https://www.googleapis.com/auth/cloud-platform"]
[debug] [2021-12-11T07:27:34.234Z] > authorizing via signed-in user (silviucristianolariu@yahoo.com)
[info] 
     ######## #### ########  ######## ########     ###     ######  ########
     ##        ##  ##     ## ##       ##     ##  ##   ##  ##       ##
     ######    ##  ########  ######   ########  #########  ######  ######
     ##        ##  ##    ##  ##       ##     ## ##     ##       ## ##
     ##       #### ##     ## ######## ########  ##     ##  ######  ########

You're about to initialize a Firebase project in this directory:

  /Users/Silviu

Before we get started, keep in mind:

  * You are initializing within an existing Firebase project directory

[info] 
=== Project Setup
[info] 
[info] First, let's associate this project directory with a Firebase project.
[info] You can create multiple project aliases by running firebase use --add, 
[info] but for now we'll just set up a default project.
[info] 
[debug] [2021-12-11T07:27:38.926Z] Using project from CLI flag: business-centre-services-4104d
[debug] [2021-12-11T07:27:38.933Z] >>> [apiv2][query] GET https://firebase.googleapis.com/v1beta1/projects/business-centre-services-4104d [none]
[debug] [2021-12-11T07:27:39.519Z] <<< [apiv2][status] GET https://firebase.googleapis.com/v1beta1/projects/business-centre-services-4104d 403
[debug] [2021-12-11T07:27:39.520Z] <<< [apiv2][body] GET https://firebase.googleapis.com/v1beta1/projects/business-centre-services-4104d {"error":{"code":403,"message":"The caller does not have permission","status":"PERMISSION_DENIED"}}
[debug] [2021-12-11T07:27:39.521Z] HTTP Error: 403, The caller does not have permission
[debug] [2021-12-11T07:27:39.934Z] FirebaseError: HTTP Error: 403, The caller does not have permission
    at module.exports (/Users/Silviu/.nvm/versions/node/v14.18.1/lib/node_modules/firebase-tools/lib/responseToError.js:38:12)
    at Client.doRequest (/Users/Silviu/.nvm/versions/node/v14.18.1/lib/node_modules/firebase-tools/lib/apiv2.js:241:23)
    at processTicksAndRejections (internal/process/task_queues.js:95:5)
    at async Client.request (/Users/Silviu/.nvm/versions/node/v14.18.1/lib/node_modules/firebase-tools/lib/apiv2.js:96:20)
    at async Object.getFirebaseProject (/Users/Silviu/.nvm/versions/node/v14.18.1/lib/node_modules/firebase-tools/lib/management/projects.js:290:21)
    at async Object.doSetup [as project] (/Users/Silviu/.nvm/versions/node/v14.18.1/lib/node_modules/firebase-tools/lib/init/features/project.js:85:27)
    at async init (/Users/Silviu/.nvm/versions/node/v14.18.1/lib/node_modules/firebase-tools/lib/init/index.js:19:9)
[error] 
[error] Error: Failed to get Firebase project business-centre-services-4104d. Please make sure the project exists and your account has permission to access it.
